<?xml version="1.0" encoding="UTF-8"?>
<!-- Generated by org.testng.reporters.JUnitReportReporter -->
<testsuite hostname="L-156128936.local" name="RunCucumberTest" tests="3" failures="0" timestamp="14 Aug 2019 22:55:16 GMT" time="3.721" errors="0">
  <testcase name="feature" time="0.494" classname="RunCucumberTest"/>
  <testcase name="feature" time="2.557" classname="RunCucumberTest"/>
  <testcase name="feature" time="0.670" classname="RunCucumberTest"/>
</testsuite> <!-- RunCucumberTest -->
